Build started 2017-12-09 14:09:56.
     1>Project "F:\NI\Practice\MicroBridge\LPR\20171206\Register\Register\Register.vcxproj" on node 2 (Build target(s)).
     1>C:\Program Files (x86)\MSBuild\Microsoft.Cpp\v4.0\V120\Microsoft.CppBuild.targets(935,5): warning MSB8027: Two or more files with the name of moc_register.cpp will produce outputs to the same location. This can lead to an incorrect build result.  The files involved are GeneratedFiles\Debug\moc_register.cpp, GeneratedFiles\Release\moc_register.cpp.
     1>ClCompile:
         E:\NI\Microsoft Visual Studio 12.0\VC\bin\x86_amd64\CL.exe /c /I.\GeneratedFiles /I. /IE:\NI\Qt5.5.0_vs2013_x64\5.5\msvc2013_64\include /I.\GeneratedFiles\Debug /IE:\NI\Qt5.5.0_vs2013_x64\5.5\msvc2013_64\include\QtCore /IE:\NI\Qt5.5.0_vs2013_x64\5.5\msvc2013_64\include\QtGui /IE:\NI\Qt5.5.0_vs2013_x64\5.5\msvc2013_64\include\QtWidgets /Zi /nologo /W1 /WX- /Od /D UNICODE /D WIN32 /D WIN64 /D QT_DLL /D QT_CORE_LIB /D QT_GUI_LIB /D QT_WIDGETS_LIB /D _CRT_SECURE_NO_WARNINGS /D _WINSOCK_DEPRECATED_NO_WARNINGS /Gm- /EHsc /MDd /GS /fp:precise /Zc:wchar_t /Zc:forScope /Fo"x64\Debug\\" /Fd"x64\Debug\vc120.pdb" /Gd /TP /errorReport:prompt GeneratedFiles\Debug\moc_register.cpp main.cpp register.cpp
         moc_register.cpp
         main.cpp
         register.cpp
         Generating Code...
         E:\NI\Microsoft Visual Studio 12.0\VC\bin\x86_amd64\CL.exe /c /I.\GeneratedFiles /I. /IE:\NI\Qt5.5.0_vs2013_x64\5.5\msvc2013_64\include /I.\GeneratedFiles\Debug /IE:\NI\Qt5.5.0_vs2013_x64\5.5\msvc2013_64\include\QtCore /IE:\NI\Qt5.5.0_vs2013_x64\5.5\msvc2013_64\include\QtGui /IE:\NI\Qt5.5.0_vs2013_x64\5.5\msvc2013_64\include\QtWidgets /Zi /nologo /W1 /WX- /Od /D UNICODE /D WIN32 /D WIN64 /D QT_DLL /D QT_CORE_LIB /D QT_GUI_LIB /D QT_WIDGETS_LIB /D _CRT_SECURE_NO_WARNINGS /D _WINSOCK_DEPRECATED_NO_WARNINGS /Gm- /EHsc /MDd /GS /fp:precise /Zc:wchar_t /Zc:forScope /Fo"x64\Debug\\" /Fd"x64\Debug\vc120.pdb" /Gd /TP /errorReport:prompt GeneratedFiles\qrc_register.cpp
         qrc_register.cpp
       Link:
         E:\NI\Microsoft Visual Studio 12.0\VC\bin\x86_amd64\link.exe /ERRORREPORT:PROMPT /OUT:"F:\NI\Practice\MicroBridge\LPR\20171206\Register\x64\Debug\\Register.exe" /NOLOGO /LIBPATH:E:\NI\Qt5.5.0_vs2013_x64\5.5\msvc2013_64\lib qtmaind.lib Qt5Cored.lib Qt5Guid.lib Qt5Widgetsd.lib Kinect20.lib OpenCl.lib kernel32.lib user32.lib gdi32.lib winspool.lib comdlg32.lib advapi32.lib shell32.lib ole32.lib oleaut32.lib uuid.lib odbc32.lib odbccp32.lib /MANIFEST /MANIFESTUAC:"level='asInvoker' uiAccess='false'" /manifest:embed /DEBUG /PDB:"F:\NI\Practice\MicroBridge\LPR\20171206\Register\x64\Debug\Register.pdb" /SUBSYSTEM:WINDOWS /TLBID:1 /DYNAMICBASE /NXCOMPAT /IMPLIB:"F:\NI\Practice\MicroBridge\LPR\20171206\Register\x64\Debug\Register.lib" /MACHINE:X64 x64\Debug\AES.obj
         x64\Debug\Base64.obj
         x64\Debug\moc_register.obj
         x64\Debug\qrc_register.obj
         x64\Debug\main.obj
         x64\Debug\password.obj
         x64\Debug\register.obj
         Register.vcxproj -> F:\NI\Practice\MicroBridge\LPR\20171206\Register\x64\Debug\Register.exe
     1>Done Building Project "F:\NI\Practice\MicroBridge\LPR\20171206\Register\Register\Register.vcxproj" (Build target(s)).

Build succeeded.

Time Elapsed 00:00:05.32
