f:\ni\practice\microbridge\lpr\20171206\register\register\x64\release\register.obj
f:\ni\practice\microbridge\lpr\20171206\register\register\x64\release\password.obj
f:\ni\practice\microbridge\lpr\20171206\register\register\x64\release\main.obj
f:\ni\practice\microbridge\lpr\20171206\register\register\x64\release\moc_register.obj
f:\ni\practice\microbridge\lpr\20171206\register\register\x64\release\base64.obj
f:\ni\practice\microbridge\lpr\20171206\register\register\x64\release\aes.obj
f:\ni\practice\microbridge\lpr\20171206\register\register\x64\release\qrc_register.obj
f:\ni\practice\microbridge\lpr\20171206\register\register\generatedfiles\release\moc_register.cpp
f:\ni\practice\microbridge\lpr\20171206\register\register\generatedfiles\ui_register.h
f:\ni\practice\microbridge\lpr\20171206\register\register\generatedfiles\qrc_register.cpp
f:\ni\practice\microbridge\lpr\20171206\register\x64\release\register.exe
f:\ni\practice\microbridge\lpr\20171206\register\register\x64\release\register.tlog\cl.command.1.tlog
f:\ni\practice\microbridge\lpr\20171206\register\register\x64\release\register.tlog\cl.read.1.tlog
f:\ni\practice\microbridge\lpr\20171206\register\register\x64\release\register.tlog\cl.write.1.tlog
f:\ni\practice\microbridge\lpr\20171206\register\register\x64\release\register.tlog\custombuild.command.1.tlog
f:\ni\practice\microbridge\lpr\20171206\register\register\x64\release\register.tlog\custombuild.read.1.tlog
f:\ni\practice\microbridge\lpr\20171206\register\register\x64\release\register.tlog\custombuild.write.1.tlog
f:\ni\practice\microbridge\lpr\20171206\register\register\x64\release\register.tlog\link.command.1.tlog
f:\ni\practice\microbridge\lpr\20171206\register\register\x64\release\register.tlog\link.read.1.tlog
f:\ni\practice\microbridge\lpr\20171206\register\register\x64\release\register.tlog\link.write.1.tlog
