f:\ni\practice\microbridge\lpr\20171206\register\register\debug\vc120.pdb
f:\ni\practice\microbridge\lpr\20171206\register\register\debug\register.obj
f:\ni\practice\microbridge\lpr\20171206\register\register\debug\password.obj
f:\ni\practice\microbridge\lpr\20171206\register\register\debug\main.obj
f:\ni\practice\microbridge\lpr\20171206\register\register\debug\moc_register.obj
f:\ni\practice\microbridge\lpr\20171206\register\register\debug\base64.obj
f:\ni\practice\microbridge\lpr\20171206\register\register\debug\aes.obj
f:\ni\practice\microbridge\lpr\20171206\register\register\debug\qrc_register.obj
f:\ni\practice\microbridge\lpr\20171206\register\register\generatedfiles\debug\moc_register.cpp
f:\ni\practice\microbridge\lpr\20171206\register\register\generatedfiles\ui_register.h
f:\ni\practice\microbridge\lpr\20171206\register\register\generatedfiles\qrc_register.cpp
f:\ni\practice\microbridge\lpr\20171206\register\win32\debug\register.ilk
f:\ni\practice\microbridge\lpr\20171206\register\win32\debug\register.exe
f:\ni\practice\microbridge\lpr\20171206\register\win32\debug\register.pdb
f:\ni\practice\microbridge\lpr\20171206\register\register\debug\register.tlog\cl.command.1.tlog
f:\ni\practice\microbridge\lpr\20171206\register\register\debug\register.tlog\cl.read.1.tlog
f:\ni\practice\microbridge\lpr\20171206\register\register\debug\register.tlog\cl.write.1.tlog
f:\ni\practice\microbridge\lpr\20171206\register\register\debug\register.tlog\custombuild.command.1.tlog
f:\ni\practice\microbridge\lpr\20171206\register\register\debug\register.tlog\custombuild.read.1.tlog
f:\ni\practice\microbridge\lpr\20171206\register\register\debug\register.tlog\custombuild.write.1.tlog
f:\ni\practice\microbridge\lpr\20171206\register\register\debug\register.tlog\link.command.1.tlog
f:\ni\practice\microbridge\lpr\20171206\register\register\debug\register.tlog\link.read.1.tlog
f:\ni\practice\microbridge\lpr\20171206\register\register\debug\register.tlog\link.write.1.tlog
